<?xml version="1.0" encoding="UTF-8"?>
<testng-results ignored="0" total="3" passed="3" failed="0" skipped="0">
  <reporter-output>
    <line>
      <![CDATA[ferrari launched successfully]]>
    </line>
    <line>
      <![CDATA[Lamborghini launched successfully]]>
    </line>
    <line>
      <![CDATA[Audi launched successfully]]>
    </line>
  </reporter-output>
  <suite started-at="2024-11-19T11:36:26 IST" name="Suite" finished-at="2024-11-19T11:36:49 IST" duration-ms="23323">
    <groups>
    </groups>
    <test started-at="2024-11-19T11:36:26 IST" name="Test" finished-at="2024-11-19T11:36:49 IST" duration-ms="23323">
      <class name="cars.FerrariTest">
        <test-method signature="launch()[pri:0, instance:cars.FerrariTest@128d2484]" started-at="2024-11-19T11:36:26 IST" name="launch" finished-at="2024-11-19T11:36:38 IST" duration-ms="12226" status="PASS">
          <reporter-output>
            <line>
              <![CDATA[ferrari launched successfully]]>
            </line>
          </reporter-output>
        </test-method> <!-- launch -->
      </class> <!-- cars.FerrariTest -->
      <class name="cars.LambarghiniTest">
        <test-method signature="launch()[pri:0, instance:cars.LambarghiniTest@47eaca72]" started-at="2024-11-19T11:36:38 IST" name="launch" finished-at="2024-11-19T11:36:43 IST" duration-ms="5325" status="PASS">
          <reporter-output>
            <line>
              <![CDATA[Lamborghini launched successfully]]>
            </line>
          </reporter-output>
        </test-method> <!-- launch -->
      </class> <!-- cars.LambarghiniTest -->
      <class name="cars.AudiTest">
        <test-method signature="launch()[pri:0, instance:cars.AudiTest@55141def]" started-at="2024-11-19T11:36:43 IST" name="launch" finished-at="2024-11-19T11:36:49 IST" duration-ms="5678" status="PASS">
          <reporter-output>
            <line>
              <![CDATA[Audi launched successfully]]>
            </line>
          </reporter-output>
        </test-method> <!-- launch -->
      </class> <!-- cars.AudiTest -->
    </test> <!-- Test -->
  </suite> <!-- Suite -->
</testng-results>
